TN:
SF:script/Counter.s.sol
FN:7,CounterScript.setUp
FNDA:0,CounterScript.setUp
FN:9,CounterScript.run
FNDA:0,CounterScript.run
DA:10,0
DA:10,0
FNF:2
FNH:0
LF:1
LH:0
BRF:0
BRH:0
end_of_record
TN:
SF:src/Counter.sol
FN:7,Counter.setNumber
FNDA:0,Counter.setNumber
DA:8,0
DA:8,0
FN:11,Counter.increment
FNDA:0,Counter.increment
DA:12,0
DA:12,0
FNF:2
FNH:0
LF:2
LH:0
BRF:0
BRH:0
end_of_record
TN:
SF:test/Safe.t.sol
FN:13,Safe.withdraw
FNDA:519,Safe.withdraw
DA:14,519
DA:14,519
DA:15,519
DA:15,519
DA:16,519
DA:16,519
FNF:1
FNH:1
LF:3
LH:3
BRF:0
BRH:0
end_of_record
